  [1m[35m (31.1ms)[0m  [1m[35mCREATE TABLE "schema_migrations" ("version" varchar NOT NULL PRIMARY KEY)[0m
  [1m[35m (9.8ms)[0m  [1m[35mCREATE TABLE "ar_internal_metadata" ("key" varchar NOT NULL PRIMARY KEY, "value" varchar, "created_at" datetime(6) NOT NULL, "updated_at" datetime(6) NOT NULL)[0m
  [1m[36mActiveRecord::SchemaMigration Pluck (0.3ms)[0m  [1m[34mSELECT "schema_migrations"."version" FROM "schema_migrations" ORDER BY "schema_migrations"."version" ASC[0m
Migrating to CreateTicketRequest (20221209180248)
  [1m[36mTRANSACTION (0.1ms)[0m  [1m[36mbegin transaction[0m
  [1m[35m (0.3ms)[0m  [1m[35mCREATE TABLE "ticket_requests" ("id" integer PRIMARY KEY AUTOINCREMENT NOT NULL, "destination" varchar, "flight_number" varchar, "departure_date" datetime(6), "applicant_name" varchar, "created_at" datetime(6) NOT NULL, "updated_at" datetime(6) NOT NULL)[0m
  [1m[36mActiveRecord::SchemaMigration Create (0.1ms)[0m  [1m[32mINSERT INTO "schema_migrations" ("version") VALUES (?)[0m  [["version", "20221209180248"]]
  [1m[36mTRANSACTION (14.9ms)[0m  [1m[36mcommit transaction[0m
  [1m[36mActiveRecord::InternalMetadata Load (0.3ms)[0m  [1m[34mSELECT "ar_internal_metadata".* FROM "ar_internal_metadata" WHERE "ar_internal_metadata"."key" = ? LIMIT ?[0m  [["key", "environment"], ["LIMIT", 1]]
  [1m[36mTRANSACTION (0.0ms)[0m  [1m[36mbegin transaction[0m
  [1m[36mActiveRecord::InternalMetadata Create (0.4ms)[0m  [1m[32mINSERT INTO "ar_internal_metadata" ("key", "value", "created_at", "updated_at") VALUES (?, ?, ?, ?)[0m  [["key", "environment"], ["value", "development"], ["created_at", "2022-12-12 11:12:46.656745"], ["updated_at", "2022-12-12 11:12:46.656745"]]
  [1m[36mTRANSACTION (8.5ms)[0m  [1m[36mcommit transaction[0m
  [1m[36mActiveRecord::SchemaMigration Pluck (0.1ms)[0m  [1m[34mSELECT "schema_migrations"."version" FROM "schema_migrations" ORDER BY "schema_migrations"."version" ASC[0m
Started GET "/" for 127.0.0.1 at 2022-12-12 14:18:55 +0300
  [1m[36mActiveRecord::SchemaMigration Pluck (0.1ms)[0m  [1m[34mSELECT "schema_migrations"."version" FROM "schema_migrations" ORDER BY "schema_migrations"."version" ASC[0m
Processing by PagesController#menu as HTML
  Rendering layout layouts/application.html.erb
  Rendering pages/menu.html.erb within layouts/application
  Rendered pages/menu.html.erb within layouts/application (Duration: 7.4ms | Allocations: 635)
  Rendered layout layouts/application.html.erb (Duration: 140.2ms | Allocations: 11883)
Completed 200 OK in 153ms (Views: 148.9ms | ActiveRecord: 0.0ms | Allocations: 14597)


Started GET "/ticket_requests/new" for 127.0.0.1 at 2022-12-12 14:19:00 +0300
Processing by TicketRequestsController#new as HTML
  Rendering layout layouts/application.html.erb
  Rendering ticket_requests/new.html.erb within layouts/application
  Rendered ticket_requests/new.html.erb within layouts/application (Duration: 23.0ms | Allocations: 4375)
  Rendered layout layouts/application.html.erb (Duration: 40.1ms | Allocations: 6794)
Completed 200 OK in 79ms (Views: 42.0ms | ActiveRecord: 4.8ms | Allocations: 13181)


Started POST "/ticket_requests" for 127.0.0.1 at 2022-12-12 14:26:08 +0300
Processing by TicketRequestsController#create as HTML
  Parameters: {"authenticity_token"=>"[FILTERED]", "ticket_request"=>{"destination"=>"Moscow", "departure_date"=>"", "flight_number"=>"", "applicant_name"=>""}, "commit"=>"Добавить"}
  Rendering layout layouts/application.html.erb
  Rendering ticket_requests/new.html.erb within layouts/application
  Rendered ticket_requests/new.html.erb within layouts/application (Duration: 14.8ms | Allocations: 4528)
  Rendered layout layouts/application.html.erb (Duration: 18.1ms | Allocations: 6853)
Completed 200 OK in 23ms (Views: 19.1ms | ActiveRecord: 0.4ms | Allocations: 8189)


Started POST "/ticket_requests" for 127.0.0.1 at 2022-12-12 14:26:38 +0300
Processing by TicketRequestsController#create as HTML
  Parameters: {"authenticity_token"=>"[FILTERED]", "ticket_request"=>{"destination"=>"Moscow", "departure_date"=>"2022-12-23", "flight_number"=>"122223333", "applicant_name"=>"John C.C."}, "commit"=>"Добавить"}
  [1m[36mTRANSACTION (2.8ms)[0m  [1m[36mbegin transaction[0m
  ↳ app/controllers/ticket_requests_controller.rb:8:in `create'
  [1m[36mTicketRequest Create (3.8ms)[0m  [1m[32mINSERT INTO "ticket_requests" ("destination", "flight_number", "departure_date", "applicant_name", "created_at", "updated_at") VALUES (?, ?, ?, ?, ?, ?)[0m  [["destination", "Moscow"], ["flight_number", "122223333"], ["departure_date", "2022-12-23 00:00:00"], ["applicant_name", "John C.C."], ["created_at", "2022-12-12 11:26:38.626694"], ["updated_at", "2022-12-12 11:26:38.626694"]]
  ↳ app/controllers/ticket_requests_controller.rb:8:in `create'
  [1m[36mTRANSACTION (28.4ms)[0m  [1m[36mcommit transaction[0m
  ↳ app/controllers/ticket_requests_controller.rb:8:in `create'
Redirected to http://127.0.0.1:3000/
Completed 302 Found in 66ms (ActiveRecord: 35.0ms | Allocations: 2830)


Started GET "/" for 127.0.0.1 at 2022-12-12 14:26:38 +0300
Processing by PagesController#menu as HTML
  Rendering layout layouts/application.html.erb
  Rendering pages/menu.html.erb within layouts/application
  Rendered pages/menu.html.erb within layouts/application (Duration: 0.1ms | Allocations: 73)
  Rendered layout layouts/application.html.erb (Duration: 2.1ms | Allocations: 2487)
Completed 200 OK in 3ms (Views: 2.3ms | ActiveRecord: 0.0ms | Allocations: 2706)


Started GET "/ticket_requests" for 127.0.0.1 at 2022-12-12 14:26:43 +0300
Processing by TicketRequestsController#index as HTML
  Rendering layout layouts/application.html.erb
  Rendering ticket_requests/index.html.erb within layouts/application
  Rendered ticket_requests/_search_form.html.erb (Duration: 10.8ms | Allocations: 2059)
  [1m[36mTicketRequest Load (0.2ms)[0m  [1m[34mSELECT "ticket_requests".* FROM "ticket_requests"[0m
  ↳ app/views/ticket_requests/index.html.erb:13
  Rendered ticket_requests/_ticket_request.html.erb (Duration: 20.9ms | Allocations: 717)
  Rendered ticket_requests/index.html.erb within layouts/application (Duration: 47.6ms | Allocations: 4097)
  Rendered layout layouts/application.html.erb (Duration: 53.1ms | Allocations: 6430)
Completed 200 OK in 56ms (Views: 54.5ms | ActiveRecord: 0.2ms | Allocations: 6907)


Started GET "/" for 127.0.0.1 at 2022-12-12 14:27:09 +0300
Processing by PagesController#menu as HTML
  Rendering layout layouts/application.html.erb
  Rendering pages/menu.html.erb within layouts/application
  Rendered pages/menu.html.erb within layouts/application (Duration: 0.3ms | Allocations: 73)
  Rendered layout layouts/application.html.erb (Duration: 41.2ms | Allocations: 2468)
Completed 200 OK in 52ms (Views: 41.8ms | ActiveRecord: 0.0ms | Allocations: 2715)


Started GET "/" for 127.0.0.1 at 2022-12-15 16:31:22 +0300
  [1m[36mActiveRecord::SchemaMigration Pluck (0.2ms)[0m  [1m[34mSELECT "schema_migrations"."version" FROM "schema_migrations" ORDER BY "schema_migrations"."version" ASC[0m
Processing by PagesController#menu as HTML
  Rendering layout layouts/application.html.erb
  Rendering pages/menu.html.erb within layouts/application
  Rendered pages/menu.html.erb within layouts/application (Duration: 4.8ms | Allocations: 529)
  Rendered layout layouts/application.html.erb (Duration: 42.6ms | Allocations: 6480)
Completed 200 OK in 68ms (Views: 56.8ms | ActiveRecord: 0.0ms | Allocations: 8408)


Started GET "/ticket_requests/new" for 127.0.0.1 at 2022-12-15 16:31:39 +0300
Processing by TicketRequestsController#new as HTML
  Rendering layout layouts/application.html.erb
  Rendering ticket_requests/new.html.erb within layouts/application
  Rendered ticket_requests/new.html.erb within layouts/application (Duration: 49.1ms | Allocations: 3504)
  Rendered layout layouts/application.html.erb (Duration: 57.7ms | Allocations: 5923)
Completed 200 OK in 84ms (Views: 68.8ms | ActiveRecord: 0.7ms | Allocations: 12269)


Started GET "/" for 127.0.0.1 at 2022-12-15 16:31:44 +0300
Processing by PagesController#menu as HTML
  Rendering layout layouts/application.html.erb
  Rendering pages/menu.html.erb within layouts/application
  Rendered pages/menu.html.erb within layouts/application (Duration: 0.2ms | Allocations: 73)
  Rendered layout layouts/application.html.erb (Duration: 9.2ms | Allocations: 2453)
Completed 200 OK in 23ms (Views: 22.7ms | ActiveRecord: 0.0ms | Allocations: 2713)


Started GET "/ticket_requests" for 127.0.0.1 at 2022-12-15 16:31:46 +0300
Processing by TicketRequestsController#index as HTML
  Rendering layout layouts/application.html.erb
  Rendering ticket_requests/index.html.erb within layouts/application
  Rendered ticket_requests/_search_form.html.erb (Duration: 66.9ms | Allocations: 1846)
  [1m[36mTicketRequest Load (0.2ms)[0m  [1m[34mSELECT "ticket_requests".* FROM "ticket_requests"[0m
  ↳ app/views/ticket_requests/index.html.erb:13
  Rendered ticket_requests/_ticket_request.html.erb (Duration: 3.1ms | Allocations: 781)
  Rendered ticket_requests/index.html.erb within layouts/application (Duration: 77.1ms | Allocations: 3954)
  Rendered layout layouts/application.html.erb (Duration: 87.9ms | Allocations: 6282)
Completed 200 OK in 114ms (Views: 88.9ms | ActiveRecord: 0.2ms | Allocations: 6790)


Started GET "/ticket_requests/new" for 127.0.0.1 at 2022-12-15 16:33:34 +0300
Processing by TicketRequestsController#new as HTML
  Rendering layout layouts/application.html.erb
  Rendering ticket_requests/new.html.erb within layouts/application
  Rendered ticket_requests/new.html.erb within layouts/application (Duration: 12.5ms | Allocations: 1006)
  Rendered layout layouts/application.html.erb (Duration: 20.9ms | Allocations: 3248)
Completed 200 OK in 30ms (Views: 28.5ms | ActiveRecord: 0.0ms | Allocations: 3521)


Started POST "/ticket_requests" for 127.0.0.1 at 2022-12-15 16:33:53 +0300
Processing by TicketRequestsController#create as HTML
  Parameters: {"authenticity_token"=>"[FILTERED]", "ticket_request"=>{"destination"=>"qq", "departure_date"=>"2022-12-07", "flight_number"=>"qqq", "applicant_name"=>"qqq"}, "commit"=>"Добавить"}
  [1m[36mTRANSACTION (0.1ms)[0m  [1m[36mbegin transaction[0m
  ↳ app/controllers/ticket_requests_controller.rb:8:in `create'
  [1m[36mTicketRequest Create (0.4ms)[0m  [1m[32mINSERT INTO "ticket_requests" ("destination", "flight_number", "departure_date", "applicant_name", "created_at", "updated_at") VALUES (?, ?, ?, ?, ?, ?)[0m  [["destination", "qq"], ["flight_number", "qqq"], ["departure_date", "2022-12-07 00:00:00"], ["applicant_name", "qqq"], ["created_at", "2022-12-15 13:33:53.947259"], ["updated_at", "2022-12-15 13:33:53.947259"]]
  ↳ app/controllers/ticket_requests_controller.rb:8:in `create'
  [1m[36mTRANSACTION (20.2ms)[0m  [1m[36mcommit transaction[0m
  ↳ app/controllers/ticket_requests_controller.rb:8:in `create'
Redirected to http://localhost:3000/
Completed 302 Found in 52ms (ActiveRecord: 20.7ms | Allocations: 3167)


Started GET "/" for 127.0.0.1 at 2022-12-15 16:33:54 +0300
Processing by PagesController#menu as HTML
  Rendering layout layouts/application.html.erb
  Rendering pages/menu.html.erb within layouts/application
  Rendered pages/menu.html.erb within layouts/application (Duration: 0.2ms | Allocations: 92)
  Rendered layout layouts/application.html.erb (Duration: 6.0ms | Allocations: 2629)
Completed 200 OK in 17ms (Views: 16.4ms | ActiveRecord: 0.0ms | Allocations: 2891)


Started GET "/ticket_requests/new" for 127.0.0.1 at 2022-12-15 16:34:11 +0300
Processing by TicketRequestsController#new as HTML
  Rendering layout layouts/application.html.erb
  Rendering ticket_requests/new.html.erb within layouts/application
  Rendered ticket_requests/new.html.erb within layouts/application (Duration: 1.4ms | Allocations: 998)
  Rendered layout layouts/application.html.erb (Duration: 17.2ms | Allocations: 3233)
Completed 200 OK in 25ms (Views: 25.0ms | ActiveRecord: 0.0ms | Allocations: 3468)


Started POST "/ticket_requests" for 127.0.0.1 at 2022-12-15 16:34:15 +0300
Processing by TicketRequestsController#create as HTML
  Parameters: {"authenticity_token"=>"[FILTERED]", "ticket_request"=>{"destination"=>"", "departure_date"=>"", "flight_number"=>"fff", "applicant_name"=>""}, "commit"=>"Добавить"}
  Rendering layout layouts/application.html.erb
  Rendering ticket_requests/new.html.erb within layouts/application
  Rendered ticket_requests/new.html.erb within layouts/application (Duration: 10.5ms | Allocations: 2580)
  Rendered layout layouts/application.html.erb (Duration: 17.2ms | Allocations: 4807)
Completed 200 OK in 31ms (Views: 18.4ms | ActiveRecord: 0.0ms | Allocations: 5504)


Started POST "/ticket_requests" for 127.0.0.1 at 2022-12-15 16:34:25 +0300
Processing by TicketRequestsController#create as HTML
  Parameters: {"authenticity_token"=>"[FILTERED]", "ticket_request"=>{"destination"=>"", "departure_date"=>"", "flight_number"=>"fff", "applicant_name"=>""}, "commit"=>"Добавить"}
  Rendering layout layouts/application.html.erb
  Rendering ticket_requests/new.html.erb within layouts/application
  Rendered ticket_requests/new.html.erb within layouts/application (Duration: 3.2ms | Allocations: 2330)
  Rendered layout layouts/application.html.erb (Duration: 4.6ms | Allocations: 4563)
Completed 200 OK in 6ms (Views: 4.9ms | ActiveRecord: 0.0ms | Allocations: 5246)


Started GET "/" for 127.0.0.1 at 2022-12-15 16:39:14 +0300
Processing by PagesController#menu as HTML
  Rendering layout layouts/application.html.erb
  Rendering pages/menu.html.erb within layouts/application
  Rendered pages/menu.html.erb within layouts/application (Duration: 0.5ms | Allocations: 73)
  Rendered layout layouts/application.html.erb (Duration: 16.1ms | Allocations: 2457)
Completed 200 OK in 28ms (Views: 27.4ms | ActiveRecord: 0.0ms | Allocations: 2675)


Started GET "/ticket_requests" for 127.0.0.1 at 2022-12-15 16:39:18 +0300
Processing by TicketRequestsController#index as HTML
  Rendering layout layouts/application.html.erb
  Rendering ticket_requests/index.html.erb within layouts/application
  Rendered ticket_requests/_search_form.html.erb (Duration: 1.1ms | Allocations: 631)
  [1m[36mTicketRequest Load (0.1ms)[0m  [1m[34mSELECT "ticket_requests".* FROM "ticket_requests"[0m
  ↳ app/views/ticket_requests/index.html.erb:13
  Rendered ticket_requests/_ticket_request.html.erb (Duration: 2.5ms | Allocations: 429)
  Rendered ticket_requests/_ticket_request.html.erb (Duration: 1.1ms | Allocations: 254)
  Rendered ticket_requests/index.html.erb within layouts/application (Duration: 9.5ms | Allocations: 2086)
  Rendered layout layouts/application.html.erb (Duration: 11.4ms | Allocations: 4313)
Completed 200 OK in 12ms (Views: 11.7ms | ActiveRecord: 0.1ms | Allocations: 4634)


Started GET "/ticket_requests" for 127.0.0.1 at 2022-12-15 16:41:47 +0300
Processing by TicketRequestsController#index as HTML
  Rendering layout layouts/application.html.erb
  Rendering ticket_requests/index.html.erb within layouts/application
  Rendered ticket_requests/_search_form.html.erb (Duration: 1.3ms | Allocations: 613)
  [1m[36mTicketRequest Load (0.4ms)[0m  [1m[34mSELECT "ticket_requests".* FROM "ticket_requests"[0m
  ↳ app/views/ticket_requests/index.html.erb:13
  Rendered ticket_requests/_ticket_request.html.erb (Duration: 1.4ms | Allocations: 424)
  Rendered ticket_requests/_ticket_request.html.erb (Duration: 0.5ms | Allocations: 254)
  Rendered ticket_requests/index.html.erb within layouts/application (Duration: 16.3ms | Allocations: 2031)
  Rendered layout layouts/application.html.erb (Duration: 27.4ms | Allocations: 4258)
Completed 200 OK in 42ms (Views: 41.1ms | ActiveRecord: 0.4ms | Allocations: 4577)


Started GET "/ticket_requests?departure_date=&flight_number=&sort_by=destination&commit=%D0%9F%D0%BE%D0%B8%D1%81%D0%BA" for 127.0.0.1 at 2022-12-15 16:44:16 +0300
Processing by TicketRequestsController#index as HTML
  Parameters: {"departure_date"=>"", "flight_number"=>"", "sort_by"=>"destination", "commit"=>"Поиск"}
[31mUnpermitted parameters: :sort_by, :commit. Context: { controller: TicketRequestsController, action: index, request: #<ActionDispatch::Request:0x00007f2b37272ba8>, params: {"departure_date"=>"", "flight_number"=>"", "sort_by"=>"destination", "commit"=>"Поиск", "controller"=>"ticket_requests", "action"=>"index"} }[0m
[31mUnpermitted parameters: :sort_by, :commit. Context: { controller: TicketRequestsController, action: index, request: #<ActionDispatch::Request:0x00007f2b37272ba8>, params: {"departure_date"=>"", "flight_number"=>"", "sort_by"=>"destination", "commit"=>"Поиск", "controller"=>"ticket_requests", "action"=>"index"} }[0m
[31mUnpermitted parameters: :sort_by, :commit. Context: { controller: TicketRequestsController, action: index, request: #<ActionDispatch::Request:0x00007f2b37272ba8>, params: {"departure_date"=>"", "flight_number"=>"", "sort_by"=>"destination", "commit"=>"Поиск", "controller"=>"ticket_requests", "action"=>"index"} }[0m
  Rendering layout layouts/application.html.erb
  Rendering ticket_requests/index.html.erb within layouts/application
  Rendered ticket_requests/_search_form.html.erb (Duration: 9.3ms | Allocations: 614)
  [1m[36mTicketRequest Load (0.1ms)[0m  [1m[34mSELECT "ticket_requests".* FROM "ticket_requests"[0m
  ↳ app/views/ticket_requests/index.html.erb:13
  Rendered ticket_requests/_ticket_request.html.erb (Duration: 24.3ms | Allocations: 418)
  Rendered ticket_requests/_ticket_request.html.erb (Duration: 2.7ms | Allocations: 254)
  Rendered ticket_requests/index.html.erb within layouts/application (Duration: 51.7ms | Allocations: 2026)
  Rendered layout layouts/application.html.erb (Duration: 117.5ms | Allocations: 4253)
Completed 200 OK in 130ms (Views: 119.4ms | ActiveRecord: 0.1ms | Allocations: 4837)


Started GET "/ticket_requests?departure_date=&flight_number=&sort_by=departure_date&commit=%D0%9F%D0%BE%D0%B8%D1%81%D0%BA" for 127.0.0.1 at 2022-12-15 16:44:22 +0300
Processing by TicketRequestsController#index as HTML
  Parameters: {"departure_date"=>"", "flight_number"=>"", "sort_by"=>"departure_date", "commit"=>"Поиск"}
[31mUnpermitted parameters: :sort_by, :commit. Context: { controller: TicketRequestsController, action: index, request: #<ActionDispatch::Request:0x00007f2b555eeb60>, params: {"departure_date"=>"", "flight_number"=>"", "sort_by"=>"departure_date", "commit"=>"Поиск", "controller"=>"ticket_requests", "action"=>"index"} }[0m
[31mUnpermitted parameters: :sort_by, :commit. Context: { controller: TicketRequestsController, action: index, request: #<ActionDispatch::Request:0x00007f2b555eeb60>, params: {"departure_date"=>"", "flight_number"=>"", "sort_by"=>"departure_date", "commit"=>"Поиск", "controller"=>"ticket_requests", "action"=>"index"} }[0m
[31mUnpermitted parameters: :sort_by, :commit. Context: { controller: TicketRequestsController, action: index, request: #<ActionDispatch::Request:0x00007f2b555eeb60>, params: {"departure_date"=>"", "flight_number"=>"", "sort_by"=>"departure_date", "commit"=>"Поиск", "controller"=>"ticket_requests", "action"=>"index"} }[0m
  Rendering layout layouts/application.html.erb
  Rendering ticket_requests/index.html.erb within layouts/application
  Rendered ticket_requests/_search_form.html.erb (Duration: 0.8ms | Allocations: 614)
  [1m[36mTicketRequest Load (0.1ms)[0m  [1m[34mSELECT "ticket_requests".* FROM "ticket_requests"[0m
  ↳ app/views/ticket_requests/index.html.erb:13
  Rendered ticket_requests/_ticket_request.html.erb (Duration: 2.4ms | Allocations: 418)
  Rendered ticket_requests/_ticket_request.html.erb (Duration: 1.9ms | Allocations: 254)
  Rendered ticket_requests/index.html.erb within layouts/application (Duration: 16.9ms | Allocations: 2031)
  Rendered layout layouts/application.html.erb (Duration: 20.4ms | Allocations: 4262)
Completed 200 OK in 52ms (Views: 41.0ms | ActiveRecord: 0.1ms | Allocations: 4834)


Started GET "/ticket_requests?departure_date=&flight_number=&sort_by=departure_date&commit=%D0%9F%D0%BE%D0%B8%D1%81%D0%BA" for 127.0.0.1 at 2022-12-15 16:44:27 +0300
Processing by TicketRequestsController#index as HTML
  Parameters: {"departure_date"=>"", "flight_number"=>"", "sort_by"=>"departure_date", "commit"=>"Поиск"}
[31mUnpermitted parameters: :sort_by, :commit. Context: { controller: TicketRequestsController, action: index, request: #<ActionDispatch::Request:0x00007f2b55ef30d0>, params: {"departure_date"=>"", "flight_number"=>"", "sort_by"=>"departure_date", "commit"=>"Поиск", "controller"=>"ticket_requests", "action"=>"index"} }[0m
[31mUnpermitted parameters: :sort_by, :commit. Context: { controller: TicketRequestsController, action: index, request: #<ActionDispatch::Request:0x00007f2b55ef30d0>, params: {"departure_date"=>"", "flight_number"=>"", "sort_by"=>"departure_date", "commit"=>"Поиск", "controller"=>"ticket_requests", "action"=>"index"} }[0m
[31mUnpermitted parameters: :sort_by, :commit. Context: { controller: TicketRequestsController, action: index, request: #<ActionDispatch::Request:0x00007f2b55ef30d0>, params: {"departure_date"=>"", "flight_number"=>"", "sort_by"=>"departure_date", "commit"=>"Поиск", "controller"=>"ticket_requests", "action"=>"index"} }[0m
  Rendering layout layouts/application.html.erb
  Rendering ticket_requests/index.html.erb within layouts/application
  Rendered ticket_requests/_search_form.html.erb (Duration: 0.8ms | Allocations: 613)
  [1m[36mTicketRequest Load (0.1ms)[0m  [1m[34mSELECT "ticket_requests".* FROM "ticket_requests"[0m
  ↳ app/views/ticket_requests/index.html.erb:13
  Rendered ticket_requests/_ticket_request.html.erb (Duration: 0.9ms | Allocations: 400)
  Rendered ticket_requests/_ticket_request.html.erb (Duration: 0.4ms | Allocations: 254)
  Rendered ticket_requests/index.html.erb within layouts/application (Duration: 4.8ms | Allocations: 2006)
  Rendered layout layouts/application.html.erb (Duration: 7.6ms | Allocations: 4234)
Completed 200 OK in 10ms (Views: 8.7ms | ActiveRecord: 0.1ms | Allocations: 4805)


Started GET "/ticket_requests?departure_date=&flight_number=&sort_by=destination&commit=%D0%9F%D0%BE%D0%B8%D1%81%D0%BA" for 127.0.0.1 at 2022-12-15 16:44:33 +0300
Processing by TicketRequestsController#index as HTML
  Parameters: {"departure_date"=>"", "flight_number"=>"", "sort_by"=>"destination", "commit"=>"Поиск"}
[31mUnpermitted parameters: :sort_by, :commit. Context: { controller: TicketRequestsController, action: index, request: #<ActionDispatch::Request:0x00007f2b379f49f8>, params: {"departure_date"=>"", "flight_number"=>"", "sort_by"=>"destination", "commit"=>"Поиск", "controller"=>"ticket_requests", "action"=>"index"} }[0m
[31mUnpermitted parameters: :sort_by, :commit. Context: { controller: TicketRequestsController, action: index, request: #<ActionDispatch::Request:0x00007f2b379f49f8>, params: {"departure_date"=>"", "flight_number"=>"", "sort_by"=>"destination", "commit"=>"Поиск", "controller"=>"ticket_requests", "action"=>"index"} }[0m
[31mUnpermitted parameters: :sort_by, :commit. Context: { controller: TicketRequestsController, action: index, request: #<ActionDispatch::Request:0x00007f2b379f49f8>, params: {"departure_date"=>"", "flight_number"=>"", "sort_by"=>"destination", "commit"=>"Поиск", "controller"=>"ticket_requests", "action"=>"index"} }[0m
  Rendering layout layouts/application.html.erb
  Rendering ticket_requests/index.html.erb within layouts/application
  Rendered ticket_requests/_search_form.html.erb (Duration: 1.9ms | Allocations: 613)
  [1m[36mTicketRequest Load (0.1ms)[0m  [1m[34mSELECT "ticket_requests".* FROM "ticket_requests"[0m
  ↳ app/views/ticket_requests/index.html.erb:13
  Rendered ticket_requests/_ticket_request.html.erb (Duration: 1.0ms | Allocations: 415)
  Rendered ticket_requests/_ticket_request.html.erb (Duration: 0.6ms | Allocations: 254)
  Rendered ticket_requests/index.html.erb within layouts/application (Duration: 6.4ms | Allocations: 2022)
  Rendered layout layouts/application.html.erb (Duration: 8.5ms | Allocations: 4249)
Completed 200 OK in 24ms (Views: 9.0ms | ActiveRecord: 0.1ms | Allocations: 4820)


Started GET "/" for 127.0.0.1 at 2022-12-15 17:15:52 +0300
Processing by PagesController#menu as HTML
  Rendering layout layouts/application.html.erb
  Rendering pages/menu.html.erb within layouts/application
  Rendered pages/menu.html.erb within layouts/application (Duration: 4.0ms | Allocations: 73)
  Rendered layout layouts/application.html.erb (Duration: 35.2ms | Allocations: 2460)
Completed 200 OK in 44ms (Views: 42.8ms | Allocations: 2675)


Started GET "/ticket_requests/new" for 127.0.0.1 at 2022-12-15 17:15:57 +0300
Processing by TicketRequestsController#new as HTML
  Rendering layout layouts/application.html.erb
  Rendering ticket_requests/new.html.erb within layouts/application
  Rendered ticket_requests/new.html.erb within layouts/application (Duration: 3.4ms | Allocations: 977)
  Rendered layout layouts/application.html.erb (Duration: 25.1ms | Allocations: 3212)
Completed 200 OK in 35ms (Views: 33.8ms | Allocations: 3443)


Started GET "/" for 127.0.0.1 at 2022-12-15 17:16:02 +0300
Processing by PagesController#menu as HTML
  Rendering layout layouts/application.html.erb
  Rendering pages/menu.html.erb within layouts/application
  Rendered pages/menu.html.erb within layouts/application (Duration: 0.2ms | Allocations: 73)
  Rendered layout layouts/application.html.erb (Duration: 8.8ms | Allocations: 2472)
Completed 200 OK in 10ms (Views: 9.8ms | Allocations: 2687)


Started GET "/ticket_requests" for 127.0.0.1 at 2022-12-15 17:16:03 +0300
Processing by TicketRequestsController#index as HTML
  Rendering layout layouts/application.html.erb
  Rendering ticket_requests/index.html.erb within layouts/application
  Rendered ticket_requests/_search_form.html.erb (Duration: 1.3ms | Allocations: 613)
  [1m[36mTicketRequest Load (0.3ms)[0m  [1m[34mSELECT "ticket_requests".* FROM "ticket_requests"[0m
  ↳ app/views/ticket_requests/index.html.erb:13
  Rendered ticket_requests/_ticket_request.html.erb (Duration: 1.4ms | Allocations: 409)
  Rendered ticket_requests/_ticket_request.html.erb (Duration: 0.4ms | Allocations: 254)
  Rendered ticket_requests/index.html.erb within layouts/application (Duration: 14.0ms | Allocations: 2204)
  Rendered layout layouts/application.html.erb (Duration: 19.8ms | Allocations: 4432)
Completed 200 OK in 33ms (Views: 32.6ms | ActiveRecord: 1.2ms | Allocations: 4749)


Started DELETE "/ticket_requests/2" for 127.0.0.1 at 2022-12-15 17:16:12 +0300
Processing by TicketRequestsController#destroy as HTML
  Parameters: {"authenticity_token"=>"[FILTERED]", "id"=>"2"}
  [1m[36mTicketRequest Load (0.5ms)[0m  [1m[34mSELECT "ticket_requests".* FROM "ticket_requests" WHERE "ticket_requests"."id" = ? LIMIT ?[0m  [["id", 2], ["LIMIT", 1]]
  ↳ app/controllers/ticket_requests_controller.rb:32:in `destroy'
  [1m[36mTRANSACTION (0.1ms)[0m  [1m[36mbegin transaction[0m
  ↳ app/controllers/ticket_requests_controller.rb:33:in `destroy'
  [1m[36mTicketRequest Destroy (0.4ms)[0m  [1m[31mDELETE FROM "ticket_requests" WHERE "ticket_requests"."id" = ?[0m  [["id", 2]]
  ↳ app/controllers/ticket_requests_controller.rb:33:in `destroy'
  [1m[36mTRANSACTION (8.4ms)[0m  [1m[36mcommit transaction[0m
  ↳ app/controllers/ticket_requests_controller.rb:33:in `destroy'
Redirected to http://localhost:3000/ticket_requests
Completed 302 Found in 37ms (ActiveRecord: 9.4ms | Allocations: 3807)


Started GET "/ticket_requests" for 127.0.0.1 at 2022-12-15 17:16:12 +0300
Processing by TicketRequestsController#index as HTML
  Rendering layout layouts/application.html.erb
  Rendering ticket_requests/index.html.erb within layouts/application
  Rendered ticket_requests/_search_form.html.erb (Duration: 0.9ms | Allocations: 684)
  [1m[36mTicketRequest Load (0.1ms)[0m  [1m[34mSELECT "ticket_requests".* FROM "ticket_requests"[0m
  ↳ app/views/ticket_requests/index.html.erb:13
  Rendered ticket_requests/_ticket_request.html.erb (Duration: 3.2ms | Allocations: 516)
  Rendered ticket_requests/index.html.erb within layouts/application (Duration: 20.8ms | Allocations: 1883)
  Rendered layout layouts/application.html.erb (Duration: 23.7ms | Allocations: 4202)
Completed 200 OK in 25ms (Views: 24.2ms | ActiveRecord: 0.1ms | Allocations: 4568)


Started GET "/" for 127.0.0.1 at 2022-12-15 17:16:14 +0300
Processing by PagesController#menu as HTML
  Rendering layout layouts/application.html.erb
  Rendering pages/menu.html.erb within layouts/application
  Rendered pages/menu.html.erb within layouts/application (Duration: 0.3ms | Allocations: 73)
  Rendered layout layouts/application.html.erb (Duration: 11.2ms | Allocations: 2472)
Completed 200 OK in 13ms (Views: 12.9ms | ActiveRecord: 0.0ms | Allocations: 2690)


Started GET "/ticket_requests/new" for 127.0.0.1 at 2022-12-15 17:16:16 +0300
Processing by TicketRequestsController#new as HTML
  Rendering layout layouts/application.html.erb
  Rendering ticket_requests/new.html.erb within layouts/application
  Rendered ticket_requests/new.html.erb within layouts/application (Duration: 2.8ms | Allocations: 973)
  Rendered layout layouts/application.html.erb (Duration: 32.7ms | Allocations: 3208)
Completed 200 OK in 35ms (Views: 34.7ms | ActiveRecord: 0.0ms | Allocations: 3449)


Started GET "/" for 127.0.0.1 at 2022-12-15 17:16:19 +0300
Processing by PagesController#menu as HTML
  Rendering layout layouts/application.html.erb
  Rendering pages/menu.html.erb within layouts/application
  Rendered pages/menu.html.erb within layouts/application (Duration: 0.3ms | Allocations: 73)
  Rendered layout layouts/application.html.erb (Duration: 4.0ms | Allocations: 2470)
Completed 200 OK in 5ms (Views: 4.9ms | ActiveRecord: 0.0ms | Allocations: 2688)


Started GET "/ticket_requests" for 127.0.0.1 at 2022-12-15 17:16:21 +0300
Processing by TicketRequestsController#index as HTML
  Rendering layout layouts/application.html.erb
  Rendering ticket_requests/index.html.erb within layouts/application
  Rendered ticket_requests/_search_form.html.erb (Duration: 1.1ms | Allocations: 614)
  [1m[36mTicketRequest Load (0.2ms)[0m  [1m[34mSELECT "ticket_requests".* FROM "ticket_requests"[0m
  ↳ app/views/ticket_requests/index.html.erb:13
  Rendered ticket_requests/_ticket_request.html.erb (Duration: 1.9ms | Allocations: 430)
  Rendered ticket_requests/index.html.erb within layouts/application (Duration: 7.8ms | Allocations: 1717)
  Rendered layout layouts/application.html.erb (Duration: 10.7ms | Allocations: 3945)
Completed 200 OK in 12ms (Views: 11.0ms | ActiveRecord: 0.2ms | Allocations: 4265)


Started GET "/" for 127.0.0.1 at 2022-12-15 17:16:23 +0300
Processing by PagesController#menu as HTML
  Rendering layout layouts/application.html.erb
  Rendering pages/menu.html.erb within layouts/application
  Rendered pages/menu.html.erb within layouts/application (Duration: 0.4ms | Allocations: 73)
  Rendered layout layouts/application.html.erb (Duration: 4.5ms | Allocations: 2469)
Completed 200 OK in 8ms (Views: 7.4ms | ActiveRecord: 0.0ms | Allocations: 2688)


Started GET "/ticket_requests" for 127.0.0.1 at 2022-12-15 17:16:35 +0300
Processing by TicketRequestsController#index as HTML
  Rendering layout layouts/application.html.erb
  Rendering ticket_requests/index.html.erb within layouts/application
  Rendered ticket_requests/_search_form.html.erb (Duration: 7.6ms | Allocations: 613)
  [1m[36mTicketRequest Load (0.1ms)[0m  [1m[34mSELECT "ticket_requests".* FROM "ticket_requests"[0m
  ↳ app/views/ticket_requests/index.html.erb:13
  Rendered ticket_requests/_ticket_request.html.erb (Duration: 6.9ms | Allocations: 409)
  Rendered ticket_requests/index.html.erb within layouts/application (Duration: 57.1ms | Allocations: 1696)
  Rendered layout layouts/application.html.erb (Duration: 63.6ms | Allocations: 3923)
Completed 200 OK in 68ms (Views: 66.4ms | ActiveRecord: 0.1ms | Allocations: 4243)


Started GET "/" for 127.0.0.1 at 2022-12-15 17:16:39 +0300
Processing by PagesController#menu as HTML
  Rendering layout layouts/application.html.erb
  Rendering pages/menu.html.erb within layouts/application
  Rendered pages/menu.html.erb within layouts/application (Duration: 0.6ms | Allocations: 73)
  Rendered layout layouts/application.html.erb (Duration: 4.6ms | Allocations: 2490)
Completed 200 OK in 13ms (Views: 13.0ms | ActiveRecord: 0.0ms | Allocations: 2708)


Started GET "/ticket_requests/new" for 127.0.0.1 at 2022-12-15 17:16:40 +0300
Processing by TicketRequestsController#new as HTML
  Rendering layout layouts/application.html.erb
  Rendering ticket_requests/new.html.erb within layouts/application
  Rendered ticket_requests/new.html.erb within layouts/application (Duration: 1.3ms | Allocations: 977)
  Rendered layout layouts/application.html.erb (Duration: 8.1ms | Allocations: 3212)
Completed 200 OK in 9ms (Views: 8.5ms | ActiveRecord: 0.0ms | Allocations: 3446)


Started GET "/" for 127.0.0.1 at 2022-12-15 17:16:44 +0300
Processing by PagesController#menu as HTML
  Rendering layout layouts/application.html.erb
  Rendering pages/menu.html.erb within layouts/application
  Rendered pages/menu.html.erb within layouts/application (Duration: 0.3ms | Allocations: 73)
  Rendered layout layouts/application.html.erb (Duration: 6.6ms | Allocations: 2478)
Completed 200 OK in 9ms (Views: 8.4ms | ActiveRecord: 0.0ms | Allocations: 2696)


Started GET "/ticket_requests/new" for 127.0.0.1 at 2022-12-15 17:16:46 +0300
Processing by TicketRequestsController#new as HTML
  Rendering layout layouts/application.html.erb
  Rendering ticket_requests/new.html.erb within layouts/application
  Rendered ticket_requests/new.html.erb within layouts/application (Duration: 1.6ms | Allocations: 992)
  Rendered layout layouts/application.html.erb (Duration: 4.7ms | Allocations: 3230)
Completed 200 OK in 5ms (Views: 5.2ms | ActiveRecord: 0.0ms | Allocations: 3465)


Started GET "/" for 127.0.0.1 at 2022-12-15 17:16:52 +0300
Processing by PagesController#menu as HTML
  Rendering layout layouts/application.html.erb
  Rendering pages/menu.html.erb within layouts/application
  Rendered pages/menu.html.erb within layouts/application (Duration: 0.2ms | Allocations: 73)
  Rendered layout layouts/application.html.erb (Duration: 2.8ms | Allocations: 2474)
Completed 200 OK in 4ms (Views: 3.4ms | ActiveRecord: 0.0ms | Allocations: 2692)


Started GET "/ticket_requests/new" for 127.0.0.1 at 2022-12-15 18:36:16 +0300
Processing by TicketRequestsController#new as HTML
  Rendering layout layouts/application.html.erb
  Rendering ticket_requests/new.html.erb within layouts/application
  Rendered ticket_requests/new.html.erb within layouts/application (Duration: 7.8ms | Allocations: 977)
  Rendered layout layouts/application.html.erb (Duration: 22.7ms | Allocations: 3212)
Completed 200 OK in 35ms (Views: 32.0ms | Allocations: 3443)


Started POST "/ticket_requests" for 127.0.0.1 at 2022-12-15 18:36:18 +0300
Processing by TicketRequestsController#create as HTML
  Parameters: {"authenticity_token"=>"[FILTERED]", "ticket_request"=>{"destination"=>"", "departure_date"=>"", "flight_number"=>"", "applicant_name"=>""}, "commit"=>"Добавить"}
  Rendering layout layouts/application.html.erb
  Rendering ticket_requests/new.html.erb within layouts/application
  Rendered ticket_requests/new.html.erb within layouts/application (Duration: 12.9ms | Allocations: 2908)
  Rendered layout layouts/application.html.erb (Duration: 16.2ms | Allocations: 5140)
Completed 200 OK in 39ms (Views: 17.9ms | ActiveRecord: 3.4ms | Allocations: 5968)


Started POST "/ticket_requests" for 127.0.0.1 at 2022-12-15 18:40:24 +0300
Processing by TicketRequestsController#create as HTML
  Parameters: {"authenticity_token"=>"[FILTERED]", "ticket_request"=>{"destination"=>"", "departure_date"=>"", "flight_number"=>"ddddd", "applicant_name"=>""}, "commit"=>"Добавить"}
  Rendering layout layouts/application.html.erb
  Rendering ticket_requests/new.html.erb within layouts/application
  Rendered ticket_requests/new.html.erb within layouts/application (Duration: 20.7ms | Allocations: 2330)
  Rendered layout layouts/application.html.erb (Duration: 24.3ms | Allocations: 4559)
Completed 200 OK in 34ms (Views: 31.8ms | ActiveRecord: 0.0ms | Allocations: 5223)


Started POST "/ticket_requests" for 127.0.0.1 at 2022-12-15 18:40:29 +0300
Processing by TicketRequestsController#create as HTML
  Parameters: {"authenticity_token"=>"[FILTERED]", "ticket_request"=>{"destination"=>"", "departure_date"=>"", "flight_number"=>"ddddd", "applicant_name"=>"111"}, "commit"=>"Добавить"}
  Rendering layout layouts/application.html.erb
  Rendering ticket_requests/new.html.erb within layouts/application
  Rendered ticket_requests/new.html.erb within layouts/application (Duration: 4.4ms | Allocations: 1826)
  Rendered layout layouts/application.html.erb (Duration: 7.0ms | Allocations: 4053)
Completed 200 OK in 14ms (Views: 12.1ms | ActiveRecord: 0.0ms | Allocations: 4715)


Started POST "/ticket_requests" for 127.0.0.1 at 2022-12-15 18:40:34 +0300
Processing by TicketRequestsController#create as HTML
  Parameters: {"authenticity_token"=>"[FILTERED]", "ticket_request"=>{"destination"=>"1111", "departure_date"=>"", "flight_number"=>"ddddd", "applicant_name"=>"111"}, "commit"=>"Добавить"}
  Rendering layout layouts/application.html.erb
  Rendering ticket_requests/new.html.erb within layouts/application
  Rendered ticket_requests/new.html.erb within layouts/application (Duration: 2.0ms | Allocations: 1334)
  Rendered layout layouts/application.html.erb (Duration: 4.6ms | Allocations: 3561)
Completed 200 OK in 7ms (Views: 5.4ms | ActiveRecord: 0.0ms | Allocations: 4213)


Started GET "/" for 127.0.0.1 at 2022-12-15 18:40:39 +0300
Processing by PagesController#menu as HTML
  Rendering layout layouts/application.html.erb
  Rendering pages/menu.html.erb within layouts/application
  Rendered pages/menu.html.erb within layouts/application (Duration: 0.5ms | Allocations: 73)
  Rendered layout layouts/application.html.erb (Duration: 6.1ms | Allocations: 2466)
Completed 200 OK in 8ms (Views: 7.5ms | ActiveRecord: 0.0ms | Allocations: 2684)


Started GET "/ticket_requests/new" for 127.0.0.1 at 2022-12-15 18:40:41 +0300
Processing by TicketRequestsController#new as HTML
  Rendering layout layouts/application.html.erb
  Rendering ticket_requests/new.html.erb within layouts/application
  Rendered ticket_requests/new.html.erb within layouts/application (Duration: 13.9ms | Allocations: 968)
  Rendered layout layouts/application.html.erb (Duration: 31.0ms | Allocations: 3203)
Completed 200 OK in 35ms (Views: 34.8ms | ActiveRecord: 0.0ms | Allocations: 3438)


Started GET "/" for 127.0.0.1 at 2022-12-15 18:40:43 +0300
Processing by PagesController#menu as HTML
  Rendering layout layouts/application.html.erb
  Rendering pages/menu.html.erb within layouts/application
  Rendered pages/menu.html.erb within layouts/application (Duration: 0.2ms | Allocations: 73)
  Rendered layout layouts/application.html.erb (Duration: 4.3ms | Allocations: 2475)
Completed 200 OK in 5ms (Views: 4.9ms | ActiveRecord: 0.0ms | Allocations: 2693)


Started GET "/ticket_requests" for 127.0.0.1 at 2022-12-15 18:40:44 +0300
Processing by TicketRequestsController#index as HTML
  Rendering layout layouts/application.html.erb
  Rendering ticket_requests/index.html.erb within layouts/application
  Rendered ticket_requests/_search_form.html.erb (Duration: 1.6ms | Allocations: 616)
  [1m[36mTicketRequest Load (0.2ms)[0m  [1m[34mSELECT "ticket_requests".* FROM "ticket_requests"[0m
  ↳ app/views/ticket_requests/index.html.erb:13
  Rendered ticket_requests/_ticket_request.html.erb (Duration: 1.8ms | Allocations: 418)
  Rendered ticket_requests/index.html.erb within layouts/application (Duration: 5.8ms | Allocations: 1743)
  Rendered layout layouts/application.html.erb (Duration: 8.6ms | Allocations: 3972)
Completed 200 OK in 23ms (Views: 22.6ms | ActiveRecord: 0.2ms | Allocations: 4291)


Started DELETE "/ticket_requests/1" for 127.0.0.1 at 2022-12-15 19:15:26 +0300
Processing by TicketRequestsController#destroy as HTML
  Parameters: {"authenticity_token"=>"[FILTERED]", "id"=>"1"}
  [1m[36mTicketRequest Load (0.1ms)[0m  [1m[34mSELECT "ticket_requests".* FROM "ticket_requests" WHERE "ticket_requests"."id" = ? LIMIT ?[0m  [["id", 1], ["LIMIT", 1]]
  ↳ app/controllers/ticket_requests_controller.rb:32:in `destroy'
  [1m[36mTRANSACTION (0.1ms)[0m  [1m[36mbegin transaction[0m
  ↳ app/controllers/ticket_requests_controller.rb:33:in `destroy'
  [1m[36mTicketRequest Destroy (0.2ms)[0m  [1m[31mDELETE FROM "ticket_requests" WHERE "ticket_requests"."id" = ?[0m  [["id", 1]]
  ↳ app/controllers/ticket_requests_controller.rb:33:in `destroy'
  [1m[36mTRANSACTION (54.1ms)[0m  [1m[36mcommit transaction[0m
  ↳ app/controllers/ticket_requests_controller.rb:33:in `destroy'
Redirected to http://localhost:3000/ticket_requests
Completed 302 Found in 78ms (ActiveRecord: 54.9ms | Allocations: 2407)


Started GET "/ticket_requests" for 127.0.0.1 at 2022-12-15 19:15:26 +0300
Processing by TicketRequestsController#index as HTML
  Rendering layout layouts/application.html.erb
  Rendering ticket_requests/index.html.erb within layouts/application
  Rendered ticket_requests/_search_form.html.erb (Duration: 1.0ms | Allocations: 613)
  [1m[36mTicketRequest Load (0.2ms)[0m  [1m[34mSELECT "ticket_requests".* FROM "ticket_requests"[0m
  ↳ app/views/ticket_requests/index.html.erb:13
  Rendered ticket_requests/index.html.erb within layouts/application (Duration: 3.3ms | Allocations: 1246)
  Rendered layout layouts/application.html.erb (Duration: 8.7ms | Allocations: 3656)
Completed 200 OK in 12ms (Views: 11.2ms | ActiveRecord: 0.2ms | Allocations: 3975)


Started GET "/" for 127.0.0.1 at 2022-12-15 20:10:32 +0300
Processing by PagesController#menu as HTML
  Rendering layout layouts/application.html.erb
  Rendering pages/menu.html.erb within layouts/application
  Rendered pages/menu.html.erb within layouts/application (Duration: 3.2ms | Allocations: 73)
  Rendered layout layouts/application.html.erb (Duration: 64.5ms | Allocations: 2468)
Completed 200 OK in 74ms (Views: 70.4ms | Allocations: 2685)


Started GET "/ticket_requests/new" for 127.0.0.1 at 2022-12-15 20:10:34 +0300
Processing by TicketRequestsController#new as HTML
  Rendering layout layouts/application.html.erb
  Rendering ticket_requests/new.html.erb within layouts/application
  Rendered ticket_requests/new.html.erb within layouts/application (Duration: 96.6ms | Allocations: 971)
  Rendered layout layouts/application.html.erb (Duration: 134.2ms | Allocations: 3207)
Completed 200 OK in 148ms (Views: 138.0ms | Allocations: 3438)


Started GET "/" for 127.0.0.1 at 2022-12-15 20:32:43 +0300
Processing by PagesController#menu as HTML
  Rendering layout layouts/application.html.erb
  Rendering pages/menu.html.erb within layouts/application
  Rendered pages/menu.html.erb within layouts/application (Duration: 0.5ms | Allocations: 73)
  Rendered layout layouts/application.html.erb (Duration: 11.2ms | Allocations: 2481)
Completed 200 OK in 13ms (Views: 12.0ms | Allocations: 2697)


Started GET "/ticket_requests" for 127.0.0.1 at 2022-12-15 20:32:45 +0300
Processing by TicketRequestsController#index as HTML
  Rendering layout layouts/application.html.erb
  Rendering ticket_requests/index.html.erb within layouts/application
  Rendered ticket_requests/_search_form.html.erb (Duration: 3.8ms | Allocations: 614)
  [1m[36mTicketRequest Load (0.2ms)[0m  [1m[34mSELECT "ticket_requests".* FROM "ticket_requests"[0m
  ↳ app/views/ticket_requests/index.html.erb:13
  Rendered ticket_requests/index.html.erb within layouts/application (Duration: 26.9ms | Allocations: 1362)
  Rendered layout layouts/application.html.erb (Duration: 53.8ms | Allocations: 3759)
Completed 200 OK in 63ms (Views: 61.8ms | ActiveRecord: 4.3ms | Allocations: 4077)


Started GET "/" for 127.0.0.1 at 2022-12-16 12:45:18 +0300
  [1m[36mActiveRecord::SchemaMigration Pluck (2.7ms)[0m  [1m[34mSELECT "schema_migrations"."version" FROM "schema_migrations" ORDER BY "schema_migrations"."version" ASC[0m
Processing by PagesController#menu as HTML
  Rendering layout layouts/application.html.erb
  Rendering pages/menu.html.erb within layouts/application
  Rendered pages/menu.html.erb within layouts/application (Duration: 6.7ms | Allocations: 529)
  Rendered layout layouts/application.html.erb (Duration: 35.6ms | Allocations: 6474)
Completed 200 OK in 79ms (Views: 68.8ms | ActiveRecord: 0.0ms | Allocations: 8402)


Started GET "/ticket_requests/new" for 127.0.0.1 at 2022-12-16 12:45:21 +0300
Processing by TicketRequestsController#new as HTML
  Rendering layout layouts/application.html.erb
  Rendering ticket_requests/new.html.erb within layouts/application
  Rendered ticket_requests/new.html.erb within layouts/application (Duration: 13.8ms | Allocations: 3480)
  Rendered layout layouts/application.html.erb (Duration: 17.8ms | Allocations: 5898)
Completed 200 OK in 63ms (Views: 19.7ms | ActiveRecord: 5.9ms | Allocations: 12244)


Started GET "/" for 127.0.0.1 at 2022-12-16 12:45:22 +0300
Processing by PagesController#menu as HTML
  Rendering layout layouts/application.html.erb
  Rendering pages/menu.html.erb within layouts/application
  Rendered pages/menu.html.erb within layouts/application (Duration: 0.3ms | Allocations: 73)
  Rendered layout layouts/application.html.erb (Duration: 3.7ms | Allocations: 2483)
Completed 200 OK in 6ms (Views: 5.4ms | ActiveRecord: 0.0ms | Allocations: 2743)


Started GET "/ticket_requests" for 127.0.0.1 at 2022-12-16 12:45:23 +0300
Processing by TicketRequestsController#index as HTML
  Rendering layout layouts/application.html.erb
  Rendering ticket_requests/index.html.erb within layouts/application
  Rendered ticket_requests/_search_form.html.erb (Duration: 36.9ms | Allocations: 1846)
  [1m[36mTicketRequest Load (0.2ms)[0m  [1m[34mSELECT "ticket_requests".* FROM "ticket_requests"[0m
  ↳ app/views/ticket_requests/index.html.erb:13
  Rendered ticket_requests/index.html.erb within layouts/application (Duration: 54.6ms | Allocations: 2971)
  Rendered layout layouts/application.html.erb (Duration: 58.5ms | Allocations: 5521)
Completed 200 OK in 61ms (Views: 60.1ms | ActiveRecord: 0.2ms | Allocations: 6023)


Started GET "/" for 127.0.0.1 at 2022-12-16 13:19:44 +0300
Processing by PagesController#menu as HTML
  Rendering layout layouts/application.html.erb
  Rendering pages/menu.html.erb within layouts/application
  Rendered pages/menu.html.erb within layouts/application (Duration: 0.8ms | Allocations: 73)
  Rendered layout layouts/application.html.erb (Duration: 10.1ms | Allocations: 2480)
Completed 200 OK in 12ms (Views: 11.2ms | Allocations: 2736)


Started GET "/ticket_requests/new" for 127.0.0.1 at 2022-12-16 13:19:46 +0300
Processing by TicketRequestsController#new as HTML
  Rendering layout layouts/application.html.erb
  Rendering ticket_requests/new.html.erb within layouts/application
  Rendered ticket_requests/new.html.erb within layouts/application (Duration: 2.5ms | Allocations: 990)
  Rendered layout layouts/application.html.erb (Duration: 18.1ms | Allocations: 3225)
Completed 200 OK in 25ms (Views: 18.8ms | Allocations: 3465)


Started GET "/" for 127.0.0.1 at 2022-12-16 13:20:23 +0300
Processing by PagesController#menu as HTML
  Rendering layout layouts/application.html.erb
  Rendering pages/menu.html.erb within layouts/application
  Rendered pages/menu.html.erb within layouts/application (Duration: 0.5ms | Allocations: 73)
  Rendered layout layouts/application.html.erb (Duration: 3.9ms | Allocations: 2451)
Completed 200 OK in 5ms (Views: 4.7ms | Allocations: 2666)


Started GET "/ticket_requests/new" for 127.0.0.1 at 2022-12-16 13:22:31 +0300
Processing by TicketRequestsController#new as HTML
  Rendering layout layouts/application.html.erb
  Rendering ticket_requests/new.html.erb within layouts/application
  Rendered ticket_requests/new.html.erb within layouts/application (Duration: 3.4ms | Allocations: 971)
  Rendered layout layouts/application.html.erb (Duration: 11.5ms | Allocations: 3206)
Completed 200 OK in 25ms (Views: 24.8ms | Allocations: 3441)


Started GET "/" for 127.0.0.1 at 2022-12-16 13:22:33 +0300
Processing by PagesController#menu as HTML
  Rendering layout layouts/application.html.erb
  Rendering pages/menu.html.erb within layouts/application
  Rendered pages/menu.html.erb within layouts/application (Duration: 0.2ms | Allocations: 73)
  Rendered layout layouts/application.html.erb (Duration: 4.5ms | Allocations: 2463)
Completed 200 OK in 6ms (Views: 5.9ms | Allocations: 2678)


Started GET "/ticket_requests" for 127.0.0.1 at 2022-12-16 13:22:34 +0300
Processing by TicketRequestsController#index as HTML
  Rendering layout layouts/application.html.erb
  Rendering ticket_requests/index.html.erb within layouts/application
  Rendered ticket_requests/_search_form.html.erb (Duration: 1.3ms | Allocations: 633)
  [1m[36mTicketRequest Load (0.1ms)[0m  [1m[34mSELECT "ticket_requests".* FROM "ticket_requests"[0m
  ↳ app/views/ticket_requests/index.html.erb:13
  Rendered ticket_requests/index.html.erb within layouts/application (Duration: 28.5ms | Allocations: 1435)
  Rendered layout layouts/application.html.erb (Duration: 32.5ms | Allocations: 3816)
Completed 200 OK in 38ms (Views: 37.6ms | ActiveRecord: 7.4ms | Allocations: 4141)


Started GET "/ticket_requests" for 127.0.0.1 at 2022-12-16 13:25:27 +0300
Processing by TicketRequestsController#index as HTML
  Rendering layout layouts/application.html.erb
  Rendering ticket_requests/index.html.erb within layouts/application
  Rendered ticket_requests/_search_form.html.erb (Duration: 0.9ms | Allocations: 613)
  [1m[36mTicketRequest Load (0.1ms)[0m  [1m[34mSELECT "ticket_requests".* FROM "ticket_requests"[0m
  ↳ app/views/ticket_requests/index.html.erb:13
  Rendered ticket_requests/index.html.erb within layouts/application (Duration: 2.8ms | Allocations: 1219)
  Rendered layout layouts/application.html.erb (Duration: 5.5ms | Allocations: 3613)
Completed 200 OK in 7ms (Views: 6.1ms | ActiveRecord: 0.1ms | Allocations: 3933)


Started GET "/" for 127.0.0.1 at 2022-12-16 13:25:29 +0300
Processing by PagesController#menu as HTML
  Rendering layout layouts/application.html.erb
  Rendering pages/menu.html.erb within layouts/application
  Rendered pages/menu.html.erb within layouts/application (Duration: 0.3ms | Allocations: 73)
  Rendered layout layouts/application.html.erb (Duration: 25.8ms | Allocations: 2454)
Completed 200 OK in 30ms (Views: 30.0ms | ActiveRecord: 0.0ms | Allocations: 2672)


Started GET "/ticket_requests/new" for 127.0.0.1 at 2022-12-16 13:25:32 +0300
Processing by TicketRequestsController#new as HTML
  Rendering layout layouts/application.html.erb
  Rendering ticket_requests/new.html.erb within layouts/application
  Rendered ticket_requests/new.html.erb within layouts/application (Duration: 3.8ms | Allocations: 965)
  Rendered layout layouts/application.html.erb (Duration: 17.1ms | Allocations: 3200)
Completed 200 OK in 48ms (Views: 47.0ms | ActiveRecord: 0.0ms | Allocations: 3434)


Started GET "/" for 127.0.0.1 at 2022-12-16 13:25:34 +0300
Processing by PagesController#menu as HTML
  Rendering layout layouts/application.html.erb
  Rendering pages/menu.html.erb within layouts/application
  Rendered pages/menu.html.erb within layouts/application (Duration: 0.2ms | Allocations: 73)
  Rendered layout layouts/application.html.erb (Duration: 3.4ms | Allocations: 2487)
Completed 200 OK in 14ms (Views: 13.3ms | ActiveRecord: 0.0ms | Allocations: 2705)


Started GET "/ticket_requests" for 127.0.0.1 at 2022-12-16 13:28:27 +0300
Processing by TicketRequestsController#index as HTML
  Rendering layout layouts/application.html.erb
  Rendering ticket_requests/index.html.erb within layouts/application
  Rendered ticket_requests/_search_form.html.erb (Duration: 32.1ms | Allocations: 614)
  [1m[36mTicketRequest Load (0.4ms)[0m  [1m[34mSELECT "ticket_requests".* FROM "ticket_requests"[0m
  ↳ app/views/ticket_requests/index.html.erb:13
  Rendered ticket_requests/index.html.erb within layouts/application (Duration: 58.8ms | Allocations: 1214)
  Rendered layout layouts/application.html.erb (Duration: 99.8ms | Allocations: 3599)
Completed 200 OK in 102ms (Views: 100.2ms | ActiveRecord: 0.4ms | Allocations: 3918)


Started GET "/" for 127.0.0.1 at 2022-12-16 13:28:28 +0300
Processing by PagesController#menu as HTML
  Rendering layout layouts/application.html.erb
  Rendering pages/menu.html.erb within layouts/application
  Rendered pages/menu.html.erb within layouts/application (Duration: 0.3ms | Allocations: 73)
  Rendered layout layouts/application.html.erb (Duration: 79.8ms | Allocations: 2463)
Completed 200 OK in 81ms (Views: 80.3ms | ActiveRecord: 0.0ms | Allocations: 2681)


Started GET "/ticket_requests/new" for 127.0.0.1 at 2022-12-16 13:28:31 +0300
Processing by TicketRequestsController#new as HTML
  Rendering layout layouts/application.html.erb
  Rendering ticket_requests/new.html.erb within layouts/application
  Rendered ticket_requests/new.html.erb within layouts/application (Duration: 42.7ms | Allocations: 983)
  Rendered layout layouts/application.html.erb (Duration: 46.7ms | Allocations: 3223)
Completed 200 OK in 48ms (Views: 48.0ms | ActiveRecord: 0.0ms | Allocations: 3458)


Started GET "/" for 127.0.0.1 at 2022-12-16 13:28:32 +0300
Processing by PagesController#menu as HTML
  Rendering layout layouts/application.html.erb
  Rendering pages/menu.html.erb within layouts/application
  Rendered pages/menu.html.erb within layouts/application (Duration: 0.5ms | Allocations: 73)
  Rendered layout layouts/application.html.erb (Duration: 13.9ms | Allocations: 2475)
Completed 200 OK in 27ms (Views: 26.3ms | ActiveRecord: 0.0ms | Allocations: 2693)


Started GET "/ticket_requests" for 127.0.0.1 at 2022-12-16 13:30:36 +0300
Processing by TicketRequestsController#index as HTML
  Rendering layout layouts/application.html.erb
  Rendering ticket_requests/index.html.erb within layouts/application
  Rendered ticket_requests/_search_form.html.erb (Duration: 1.4ms | Allocations: 614)
  [1m[36mTicketRequest Load (0.1ms)[0m  [1m[34mSELECT "ticket_requests".* FROM "ticket_requests"[0m
  ↳ app/views/ticket_requests/index.html.erb:13
  Rendered ticket_requests/index.html.erb within layouts/application (Duration: 3.4ms | Allocations: 1214)
  Rendered layout layouts/application.html.erb (Duration: 7.5ms | Allocations: 3622)
Completed 200 OK in 9ms (Views: 8.4ms | ActiveRecord: 0.1ms | Allocations: 3943)


Started GET "/" for 127.0.0.1 at 2022-12-16 13:35:45 +0300
Processing by PagesController#menu as HTML
  Rendering layout layouts/application.html.erb
  Rendering pages/menu.html.erb within layouts/application
  Rendered pages/menu.html.erb within layouts/application (Duration: 0.6ms | Allocations: 73)
  Rendered layout layouts/application.html.erb (Duration: 5.6ms | Allocations: 2481)
Completed 200 OK in 7ms (Views: 6.8ms | ActiveRecord: 0.0ms | Allocations: 2700)


Started GET "/ticket_requests/new" for 127.0.0.1 at 2022-12-16 13:35:47 +0300
Processing by TicketRequestsController#new as HTML
  Rendering layout layouts/application.html.erb
  Rendering ticket_requests/new.html.erb within layouts/application
  Rendered ticket_requests/new.html.erb within layouts/application (Duration: 1.2ms | Allocations: 992)
  Rendered layout layouts/application.html.erb (Duration: 4.2ms | Allocations: 3228)
Completed 200 OK in 5ms (Views: 5.1ms | ActiveRecord: 0.0ms | Allocations: 3470)


Started GET "/" for 127.0.0.1 at 2022-12-16 13:35:49 +0300
Processing by PagesController#menu as HTML
  Rendering layout layouts/application.html.erb
  Rendering pages/menu.html.erb within layouts/application
  Rendered pages/menu.html.erb within layouts/application (Duration: 0.2ms | Allocations: 73)
  Rendered layout layouts/application.html.erb (Duration: 3.4ms | Allocations: 2484)
Completed 200 OK in 5ms (Views: 4.4ms | ActiveRecord: 0.0ms | Allocations: 2702)


Started GET "/ticket_requests" for 127.0.0.1 at 2022-12-16 13:35:50 +0300
Processing by TicketRequestsController#index as HTML
  Rendering layout layouts/application.html.erb
  Rendering ticket_requests/index.html.erb within layouts/application
  Rendered ticket_requests/_search_form.html.erb (Duration: 1.2ms | Allocations: 613)
  [1m[36mTicketRequest Load (0.5ms)[0m  [1m[34mSELECT "ticket_requests".* FROM "ticket_requests"[0m
  ↳ app/views/ticket_requests/index.html.erb:13
  Rendered ticket_requests/index.html.erb within layouts/application (Duration: 6.6ms | Allocations: 1214)
  Rendered layout layouts/application.html.erb (Duration: 9.5ms | Allocations: 3575)
Completed 200 OK in 30ms (Views: 29.1ms | ActiveRecord: 0.5ms | Allocations: 3894)


